[debug] [2023-09-25T02:16:28.391Z] ----------------------------------------------------------------------
[debug] [2023-09-25T02:16:28.392Z] Command:       C:\Program Files\nodejs\node.exe C:\Users\sjsch\AppData\Roaming\npm\node_modules\firebase-tools\lib\bin\firebase.js deploy --only hosting
[debug] [2023-09-25T02:16:28.393Z] CLI Version:   12.5.4
[debug] [2023-09-25T02:16:28.393Z] Platform:      win32
[debug] [2023-09-25T02:16:28.393Z] Node Version:  v18.16.0
[debug] [2023-09-25T02:16:28.394Z] Time:          Sun Sep 24 2023 22:16:28 GMT-0400 (Eastern Daylight Time)
[debug] [2023-09-25T02:16:28.394Z] ----------------------------------------------------------------------
[debug] 
[debug] [2023-09-25T02:16:28.453Z] > command requires scopes: ["email","openid","https://www.googleapis.com/auth/cloudplatformprojects.readonly","https://www.googleapis.com/auth/firebase","https://www.googleapis.com/auth/cloud-platform"]
[debug] [2023-09-25T02:16:28.453Z] > authorizing via signed-in user (cwru395@gmail.com)
[debug] [2023-09-25T02:16:28.453Z] [iam] checking project ezmoney-15cf4 for permissions ["firebase.projects.get","firebasehosting.sites.update"]
[debug] [2023-09-25T02:16:28.455Z] > refreshing access token with scopes: []
[debug] [2023-09-25T02:16:28.456Z] >>> [apiv2][query] POST https://www.googleapis.com/oauth2/v3/token [none]
[debug] [2023-09-25T02:16:28.456Z] >>> [apiv2][body] POST https://www.googleapis.com/oauth2/v3/token [omitted]
[debug] [2023-09-25T02:16:28.754Z] <<< [apiv2][status] POST https://www.googleapis.com/oauth2/v3/token 200
[debug] [2023-09-25T02:16:28.755Z] <<< [apiv2][body] POST https://www.googleapis.com/oauth2/v3/token [omitted]
[debug] [2023-09-25T02:16:28.760Z] >>> [apiv2][query] POST https://cloudresourcemanager.googleapis.com/v1/projects/ezmoney-15cf4:testIamPermissions [none]
[debug] [2023-09-25T02:16:28.760Z] >>> [apiv2][(partial)header] POST https://cloudresourcemanager.googleapis.com/v1/projects/ezmoney-15cf4:testIamPermissions x-goog-quota-user=projects/ezmoney-15cf4
[debug] [2023-09-25T02:16:28.760Z] >>> [apiv2][body] POST https://cloudresourcemanager.googleapis.com/v1/projects/ezmoney-15cf4:testIamPermissions {"permissions":["firebase.projects.get","firebasehosting.sites.update"]}
[debug] [2023-09-25T02:16:29.108Z] <<< [apiv2][status] POST https://cloudresourcemanager.googleapis.com/v1/projects/ezmoney-15cf4:testIamPermissions 200
[debug] [2023-09-25T02:16:29.109Z] <<< [apiv2][body] POST https://cloudresourcemanager.googleapis.com/v1/projects/ezmoney-15cf4:testIamPermissions {"permissions":["firebase.projects.get","firebasehosting.sites.update"]}
[debug] [2023-09-25T02:16:29.109Z] >>> [apiv2][query] GET https://firebase.googleapis.com/v1beta1/projects/ezmoney-15cf4 [none]
[debug] [2023-09-25T02:16:29.469Z] <<< [apiv2][status] GET https://firebase.googleapis.com/v1beta1/projects/ezmoney-15cf4 200
[debug] [2023-09-25T02:16:29.469Z] <<< [apiv2][body] GET https://firebase.googleapis.com/v1beta1/projects/ezmoney-15cf4 {"projectId":"ezmoney-15cf4","projectNumber":"665450869493","displayName":"EZMoney","name":"projects/ezmoney-15cf4","resources":{"hostingSite":"ezmoney-15cf4","realtimeDatabaseInstance":"ezmoney-15cf4-default-rtdb","storageBucket":"ezmoney-15cf4.appspot.com","locationId":"us-central"},"state":"ACTIVE","etag":"1_3f9b2b48-6c01-4114-a890-ac8efc8a898f"}
[info] 
[info] === Deploying to 'ezmoney-15cf4'...
[info] 
[info] i  deploying hosting 
[debug] [2023-09-25T02:16:29.474Z] >>> [apiv2][query] POST https://firebasehosting.googleapis.com/v1beta1/projects/-/sites/ezmoney-15cf4/versions [none]
[debug] [2023-09-25T02:16:29.474Z] >>> [apiv2][body] POST https://firebasehosting.googleapis.com/v1beta1/projects/-/sites/ezmoney-15cf4/versions {"status":"CREATED","labels":{"deployment-tool":"cli-firebase"}}
[debug] [2023-09-25T02:16:30.071Z] <<< [apiv2][status] POST https://firebasehosting.googleapis.com/v1beta1/projects/-/sites/ezmoney-15cf4/versions 200
[debug] [2023-09-25T02:16:30.071Z] <<< [apiv2][body] POST https://firebasehosting.googleapis.com/v1beta1/projects/-/sites/ezmoney-15cf4/versions {"name":"projects/665450869493/sites/ezmoney-15cf4/versions/64fc80f83401e046","status":"CREATED","config":{},"labels":{"deployment-tool":"cli-firebase"}}
[info] i  hosting[ezmoney-15cf4]: beginning deploy... 
[info] i  hosting[ezmoney-15cf4]: found 16 files in build 
[debug] [2023-09-25T02:16:30.079Z] [hosting] uploading with 200 concurrency
[debug] [2023-09-25T02:16:30.416Z] [hosting] hash cache [YnVpbGQ] stored for 16 files
[debug] [2023-09-25T02:16:30.416Z] [hosting][hash queue][FINAL] {"max":332,"min":2,"avg":28.5,"active":0,"complete":16,"success":16,"errored":0,"retried":0,"total":16,"elapsed":335}
[debug] [2023-09-25T02:16:30.417Z] >>> [apiv2][query] POST https://firebasehosting.googleapis.com/v1beta1/projects/665450869493/sites/ezmoney-15cf4/versions/64fc80f83401e046:populateFiles [none]
[debug] [2023-09-25T02:16:30.417Z] >>> [apiv2][body] POST https://firebasehosting.googleapis.com/v1beta1/projects/665450869493/sites/ezmoney-15cf4/versions/64fc80f83401e046:populateFiles {"files":{"/favicon.ico":"eba13b3630db1b05bb6af4cb3a92687edffddbdfd33a78e7d49d96f4aefb4cf9\r","/logo192.png":"481e8f847074bcc95a1d3f71d838688f4be7f72c5cd92a163a3f17ecb32463c7\r","/logo512.png":"88179c686423e84275cc991f8cb224b08407c0af9a94cf33062c2de80369eb51\r","/manifest.json":"5c997de1364b8be939319fa9209abd77f2caf7f8844999a9e2e9173f844e7840\r","/robots.txt":"b2090cf9761ef60aa06e4fab97679bd43dfa5e5df073701ead5879d7c68f1ec5\r","/asset-manifest.json":"89b2e07cd028dcf440ff170f60a595e41408194bb2456ce033a8c89af9bec6cd","/index.html":"524db528b441686f0851b7edfd53c46c5838ab55ab9bf7e43faf2283d7865178","/static/css/main.a61e785e.css":"5884d935f53dbf24588da3b4c1995432ea0b08cd96a655058cc1f568b9da34cf","/static/css/main.a61e785e.css.map":"2b3ae9446d5b4bdf83e294fac37898c45906d9c5a66d813bf7bae5d5678a1f09","/static/js/787.52710b7a.chunk.js":"e3953b92cbacec7a61a88fd71d616e59d7136d8890783cdcb7822bea30d87102","/static/js/main.6f10b469.js.LICENSE.txt":"c92561c98ad9377dec9cf1bc0a1707db56641c0c6327c922c04c82814c1b6631","/static/js/787.52710b7a.chunk.js.map":"54478820ba174088980ab8fbab7c3a99e5b666678d824fc5d085a833d9bd5186","/static/media/EZ$-logo-transparent.82f3c95b3384ef3040e1.png":"0eee3eccbb438c57b9493905f8ead3470a6516a6aefe29b76b18ce97492cd091","/static/js/main.6f10b469.js":"3ea0613e8bb6a14c6fdee029b2b4c7fe38a70363bacf744b116ed6da8ba9a228","/static/media/loginbg.d8c1313a0acd23a20a5e.png":"a3d60889a3e31d1b2e564abcf6a055e8e5bfeb8144aa8d8cbb15cd73192d5b94","/static/js/main.6f10b469.js.map":"727d980c87b319bb60f73521ecbe14acbbb36ba31a046acbe5d9f59fcf8c6041"}}
[debug] [2023-09-25T02:16:31.738Z] <<< [apiv2][status] POST https://firebasehosting.googleapis.com/v1beta1/projects/665450869493/sites/ezmoney-15cf4/versions/64fc80f83401e046:populateFiles 200
[debug] [2023-09-25T02:16:31.738Z] <<< [apiv2][body] POST https://firebasehosting.googleapis.com/v1beta1/projects/665450869493/sites/ezmoney-15cf4/versions/64fc80f83401e046:populateFiles {"uploadRequiredHashes":["524db528b441686f0851b7edfd53c46c5838ab55ab9bf7e43faf2283d7865178","89b2e07cd028dcf440ff170f60a595e41408194bb2456ce033a8c89af9bec6cd","2b3ae9446d5b4bdf83e294fac37898c45906d9c5a66d813bf7bae5d5678a1f09","3ea0613e8bb6a14c6fdee029b2b4c7fe38a70363bacf744b116ed6da8ba9a228","727d980c87b319bb60f73521ecbe14acbbb36ba31a046acbe5d9f59fcf8c6041","5884d935f53dbf24588da3b4c1995432ea0b08cd96a655058cc1f568b9da34cf"],"uploadUrl":"https://upload-firebasehosting.googleapis.com/upload/sites/ezmoney-15cf4/versions/64fc80f83401e046/files"}
[debug] [2023-09-25T02:16:31.739Z] >>> [apiv2][query] POST https://upload-firebasehosting.googleapis.com/upload/sites/ezmoney-15cf4/versions/64fc80f83401e046/files/524db528b441686f0851b7edfd53c46c5838ab55ab9bf7e43faf2283d7865178 [none]
[debug] [2023-09-25T02:16:31.739Z] >>> [apiv2][body] POST https://upload-firebasehosting.googleapis.com/upload/sites/ezmoney-15cf4/versions/64fc80f83401e046/files/524db528b441686f0851b7edfd53c46c5838ab55ab9bf7e43faf2283d7865178 [stream]
[debug] [2023-09-25T02:16:31.740Z] >>> [apiv2][query] POST https://upload-firebasehosting.googleapis.com/upload/sites/ezmoney-15cf4/versions/64fc80f83401e046/files/89b2e07cd028dcf440ff170f60a595e41408194bb2456ce033a8c89af9bec6cd [none]
[debug] [2023-09-25T02:16:31.740Z] >>> [apiv2][body] POST https://upload-firebasehosting.googleapis.com/upload/sites/ezmoney-15cf4/versions/64fc80f83401e046/files/89b2e07cd028dcf440ff170f60a595e41408194bb2456ce033a8c89af9bec6cd [stream]
[debug] [2023-09-25T02:16:31.741Z] >>> [apiv2][query] POST https://upload-firebasehosting.googleapis.com/upload/sites/ezmoney-15cf4/versions/64fc80f83401e046/files/2b3ae9446d5b4bdf83e294fac37898c45906d9c5a66d813bf7bae5d5678a1f09 [none]
[debug] [2023-09-25T02:16:31.741Z] >>> [apiv2][body] POST https://upload-firebasehosting.googleapis.com/upload/sites/ezmoney-15cf4/versions/64fc80f83401e046/files/2b3ae9446d5b4bdf83e294fac37898c45906d9c5a66d813bf7bae5d5678a1f09 [stream]
[debug] [2023-09-25T02:16:31.741Z] >>> [apiv2][query] POST https://upload-firebasehosting.googleapis.com/upload/sites/ezmoney-15cf4/versions/64fc80f83401e046/files/3ea0613e8bb6a14c6fdee029b2b4c7fe38a70363bacf744b116ed6da8ba9a228 [none]
[debug] [2023-09-25T02:16:31.741Z] >>> [apiv2][body] POST https://upload-firebasehosting.googleapis.com/upload/sites/ezmoney-15cf4/versions/64fc80f83401e046/files/3ea0613e8bb6a14c6fdee029b2b4c7fe38a70363bacf744b116ed6da8ba9a228 [stream]
[debug] [2023-09-25T02:16:31.742Z] >>> [apiv2][query] POST https://upload-firebasehosting.googleapis.com/upload/sites/ezmoney-15cf4/versions/64fc80f83401e046/files/727d980c87b319bb60f73521ecbe14acbbb36ba31a046acbe5d9f59fcf8c6041 [none]
[debug] [2023-09-25T02:16:31.742Z] >>> [apiv2][body] POST https://upload-firebasehosting.googleapis.com/upload/sites/ezmoney-15cf4/versions/64fc80f83401e046/files/727d980c87b319bb60f73521ecbe14acbbb36ba31a046acbe5d9f59fcf8c6041 [stream]
[debug] [2023-09-25T02:16:31.743Z] >>> [apiv2][query] POST https://upload-firebasehosting.googleapis.com/upload/sites/ezmoney-15cf4/versions/64fc80f83401e046/files/5884d935f53dbf24588da3b4c1995432ea0b08cd96a655058cc1f568b9da34cf [none]
[debug] [2023-09-25T02:16:31.743Z] >>> [apiv2][body] POST https://upload-firebasehosting.googleapis.com/upload/sites/ezmoney-15cf4/versions/64fc80f83401e046/files/5884d935f53dbf24588da3b4c1995432ea0b08cd96a655058cc1f568b9da34cf [stream]
[debug] [2023-09-25T02:16:31.744Z] [hosting][populate queue][FINAL] {"max":1324,"min":1324,"avg":1324,"active":0,"complete":1,"success":1,"errored":0,"retried":0,"total":1,"elapsed":1329}
[debug] [2023-09-25T02:16:31.744Z] [hosting] uploads queued: 6
[debug] [2023-09-25T02:16:32.521Z] <<< [apiv2][status] POST https://upload-firebasehosting.googleapis.com/upload/sites/ezmoney-15cf4/versions/64fc80f83401e046/files/89b2e07cd028dcf440ff170f60a595e41408194bb2456ce033a8c89af9bec6cd 200
[debug] [2023-09-25T02:16:32.522Z] <<< [apiv2][body] POST https://upload-firebasehosting.googleapis.com/upload/sites/ezmoney-15cf4/versions/64fc80f83401e046/files/89b2e07cd028dcf440ff170f60a595e41408194bb2456ce033a8c89af9bec6cd [stream]
[debug] [2023-09-25T02:16:32.574Z] <<< [apiv2][status] POST https://upload-firebasehosting.googleapis.com/upload/sites/ezmoney-15cf4/versions/64fc80f83401e046/files/524db528b441686f0851b7edfd53c46c5838ab55ab9bf7e43faf2283d7865178 200
[debug] [2023-09-25T02:16:32.574Z] <<< [apiv2][body] POST https://upload-firebasehosting.googleapis.com/upload/sites/ezmoney-15cf4/versions/64fc80f83401e046/files/524db528b441686f0851b7edfd53c46c5838ab55ab9bf7e43faf2283d7865178 [stream]
[debug] [2023-09-25T02:16:32.607Z] <<< [apiv2][status] POST https://upload-firebasehosting.googleapis.com/upload/sites/ezmoney-15cf4/versions/64fc80f83401e046/files/2b3ae9446d5b4bdf83e294fac37898c45906d9c5a66d813bf7bae5d5678a1f09 200
[debug] [2023-09-25T02:16:32.607Z] <<< [apiv2][body] POST https://upload-firebasehosting.googleapis.com/upload/sites/ezmoney-15cf4/versions/64fc80f83401e046/files/2b3ae9446d5b4bdf83e294fac37898c45906d9c5a66d813bf7bae5d5678a1f09 [stream]
[debug] [2023-09-25T02:16:32.978Z] <<< [apiv2][status] POST https://upload-firebasehosting.googleapis.com/upload/sites/ezmoney-15cf4/versions/64fc80f83401e046/files/5884d935f53dbf24588da3b4c1995432ea0b08cd96a655058cc1f568b9da34cf 200
[debug] [2023-09-25T02:16:32.978Z] <<< [apiv2][body] POST https://upload-firebasehosting.googleapis.com/upload/sites/ezmoney-15cf4/versions/64fc80f83401e046/files/5884d935f53dbf24588da3b4c1995432ea0b08cd96a655058cc1f568b9da34cf [stream]
